  game.cpp
C:\Users\YTP\source\repos\2D_Game_Network\game.cpp(68,31): warning C4244: '=': 'double'에서 'float'(으)로 변환하면서 데이터가 손실될 수 있습니다.
C:\Users\YTP\source\repos\2D_Game_Network\game.cpp(172,37): warning C4244: '=': 'int'에서 'float'(으)로 변환하면서 데이터가 손실될 수 있습니다.
C:\Users\YTP\source\repos\2D_Game_Network\game.cpp(176,38): warning C4244: '=': 'int'에서 'float'(으)로 변환하면서 데이터가 손실될 수 있습니다.
C:\Users\YTP\source\repos\2D_Game_Network\game.cpp(180,37): warning C4244: '=': 'int'에서 'float'(으)로 변환하면서 데이터가 손실될 수 있습니다.
C:\Users\YTP\source\repos\2D_Game_Network\game.cpp(184,38): warning C4244: '=': 'int'에서 'float'(으)로 변환하면서 데이터가 손실될 수 있습니다.
C:\Users\YTP\source\repos\2D_Game_Network\game.cpp(196,18): warning C4244: '=': 'int'에서 'float'(으)로 변환하면서 데이터가 손실될 수 있습니다.
C:\Users\YTP\source\repos\2D_Game_Network\game.cpp(197,18): warning C4244: '=': 'int'에서 'float'(으)로 변환하면서 데이터가 손실될 수 있습니다.
C:\Users\YTP\source\repos\2D_Game_Network\game.cpp(205,37): warning C4244: '=': 'double'에서 'float'(으)로 변환하면서 데이터가 손실될 수 있습니다.
C:\Users\YTP\source\repos\2D_Game_Network\game.cpp(232,44): warning C4244: '=': 'float'에서 'int'(으)로 변환하면서 데이터가 손실될 수 있습니다.
C:\Users\YTP\source\repos\2D_Game_Network\game.cpp(233,45): warning C4244: '=': 'float'에서 'int'(으)로 변환하면서 데이터가 손실될 수 있습니다.
C:\Users\YTP\source\repos\2D_Game_Network\game.cpp(259,46): warning C4244: '=': 'double'에서 'float'(으)로 변환하면서 데이터가 손실될 수 있습니다.
C:\Users\YTP\source\repos\2D_Game_Network\game.cpp(271,27): warning C4244: '=': 'float'에서 'int'(으)로 변환하면서 데이터가 손실될 수 있습니다.
C:\Users\YTP\source\repos\2D_Game_Network\game.cpp(272,27): warning C4244: '=': 'float'에서 'int'(으)로 변환하면서 데이터가 손실될 수 있습니다.
C:\Users\YTP\source\repos\2D_Game_Network\game.cpp(316,42): warning C4244: '=': 'float'에서 'int'(으)로 변환하면서 데이터가 손실될 수 있습니다.
C:\Users\YTP\source\repos\2D_Game_Network\game.cpp(317,43): warning C4244: '=': 'float'에서 'int'(으)로 변환하면서 데이터가 손실될 수 있습니다.
C:\Users\YTP\source\repos\2D_Game_Network\game.cpp(325,17): warning C4244: '=': 'float'에서 'int'(으)로 변환하면서 데이터가 손실될 수 있습니다.
C:\Users\YTP\source\repos\2D_Game_Network\game.cpp(333,26): warning C4244: '=': 'float'에서 'int'(으)로 변환하면서 데이터가 손실될 수 있습니다.
C:\Users\YTP\source\repos\2D_Game_Network\game.cpp(334,26): warning C4244: '=': 'float'에서 'int'(으)로 변환하면서 데이터가 손실될 수 있습니다.
  main.cpp
C:\Users\YTP\source\repos\2D_Game_Network\main.cpp(21,20): warning C4244: '인수': 'float'에서 'DWORD'(으)로 변환하면서 데이터가 손실될 수 있습니다.
  코드를 생성하고 있습니다...
  2d2d.vcxproj -> C:\Users\YTP\source\repos\2D_Game_Network\Debug\2d2d.exe
