  game.cpp
D:\Projects\2D_Game_Network\Client\game.cpp(78,31): warning C4244: '=': 'double'에서 'float'(으)로 변환하면서 데이터가 손실될 수 있습니다.
D:\Projects\2D_Game_Network\Client\game.cpp(104,18): warning C4244: '=': 'int'에서 'float'(으)로 변환하면서 데이터가 손실될 수 있습니다.
D:\Projects\2D_Game_Network\Client\game.cpp(105,18): warning C4244: '=': 'int'에서 'float'(으)로 변환하면서 데이터가 손실될 수 있습니다.
D:\Projects\2D_Game_Network\Client\game.cpp(215,33): warning C4244: '=': 'int'에서 'float'(으)로 변환하면서 데이터가 손실될 수 있습니다.
D:\Projects\2D_Game_Network\Client\game.cpp(219,34): warning C4244: '=': 'int'에서 'float'(으)로 변환하면서 데이터가 손실될 수 있습니다.
D:\Projects\2D_Game_Network\Client\game.cpp(223,33): warning C4244: '=': 'int'에서 'float'(으)로 변환하면서 데이터가 손실될 수 있습니다.
D:\Projects\2D_Game_Network\Client\game.cpp(227,34): warning C4244: '=': 'int'에서 'float'(으)로 변환하면서 데이터가 손실될 수 있습니다.
D:\Projects\2D_Game_Network\Client\game.cpp(239,18): warning C4244: '=': 'int'에서 'float'(으)로 변환하면서 데이터가 손실될 수 있습니다.
D:\Projects\2D_Game_Network\Client\game.cpp(240,18): warning C4244: '=': 'int'에서 'float'(으)로 변환하면서 데이터가 손실될 수 있습니다.
D:\Projects\2D_Game_Network\Client\game.cpp(248,37): warning C4244: '=': 'double'에서 'float'(으)로 변환하면서 데이터가 손실될 수 있습니다.
D:\Projects\2D_Game_Network\Client\game.cpp(287,40): warning C4244: '=': 'float'에서 'int'(으)로 변환하면서 데이터가 손실될 수 있습니다.
D:\Projects\2D_Game_Network\Client\game.cpp(288,41): warning C4244: '=': 'float'에서 'int'(으)로 변환하면서 데이터가 손실될 수 있습니다.
D:\Projects\2D_Game_Network\Client\game.cpp(307,29): warning C4244: '=': 'float'에서 'int'(으)로 변환하면서 데이터가 손실될 수 있습니다.
D:\Projects\2D_Game_Network\Client\game.cpp(327,46): warning C4244: '=': 'double'에서 'float'(으)로 변환하면서 데이터가 손실될 수 있습니다.
D:\Projects\2D_Game_Network\Client\game.cpp(339,27): warning C4244: '=': 'float'에서 'int'(으)로 변환하면서 데이터가 손실될 수 있습니다.
D:\Projects\2D_Game_Network\Client\game.cpp(340,27): warning C4244: '=': 'float'에서 'int'(으)로 변환하면서 데이터가 손실될 수 있습니다.
D:\Projects\2D_Game_Network\Client\game.cpp(384,42): warning C4244: '=': 'float'에서 'int'(으)로 변환하면서 데이터가 손실될 수 있습니다.
D:\Projects\2D_Game_Network\Client\game.cpp(385,43): warning C4244: '=': 'float'에서 'int'(으)로 변환하면서 데이터가 손실될 수 있습니다.
D:\Projects\2D_Game_Network\Client\game.cpp(393,17): warning C4244: '=': 'float'에서 'int'(으)로 변환하면서 데이터가 손실될 수 있습니다.
D:\Projects\2D_Game_Network\Client\game.cpp(402,26): warning C4244: '=': 'float'에서 'int'(으)로 변환하면서 데이터가 손실될 수 있습니다.
D:\Projects\2D_Game_Network\Client\game.cpp(403,26): warning C4244: '=': 'float'에서 'int'(으)로 변환하면서 데이터가 손실될 수 있습니다.
  main.cpp
D:\Projects\2D_Game_Network\Client\main.cpp(87,20): warning C4244: '인수': 'float'에서 'DWORD'(으)로 변환하면서 데이터가 손실될 수 있습니다.
  코드를 생성하고 있습니다...
  LINK : D:\Projects\2D_Game_Network\Client\Debug\2d2d.exe을(를) 찾을 수 없거나 마지막 증분 링크에 의해 빌드되지 않았습니다. 전체 링크를 수행하고 있습니다.
  2d2d.vcxproj -> D:\Projects\2D_Game_Network\Client\Debug\2d2d.exe
